<?xml version="1.0" encoding="UTF-8"?>
<!-- Generated by org.testng.reporters.JUnitReportReporter -->
<testsuite hostname="DESKTOP-5VJ6HD9" failures="0" tests="2" name="tests.TestFeature" time="3.346" errors="0" timestamp="2022-10-08T17:13:58 IST" skipped="0">
  <testcase classname="tests.TestFeature" name="checkIfTodosAreCompletedMoreThanHalfForDreamCityUsers" time="0.544"/>
  <system-out/>
  <testcase classname="tests.TestFeature" name="getUsersFromFancodeCity" time="2.802"/>
  <system-out/>
</testsuite> <!-- tests.TestFeature -->
